2023-07-27 19:07:707 INFO  HomePage :33 - Mouse Hovering On Buy + Sell Menu : [[ChromeDriver: chrome on WINDOWS (b32928ee0c72ea9dcb0bd5883cdfa796)] -> xpath: //a[normalize-space()='buy + sell']]
2023-07-27 19:07:840 INFO  DealersPage :30 - Clicking On Find Dealers Button : [[ChromeDriver: chrome on WINDOWS (b32928ee0c72ea9dcb0bd5883cdfa796)] -> xpath: //a[contains(text(),'Find a Dealer')]]
2023-07-27 19:07:873 INFO  DealersPage :34 - Fetching Dealer Name  : []
2023-07-27 19:07:409 INFO  HomePage :33 - Mouse Hovering On Buy + Sell Menu : [[ChromeDriver: chrome on WINDOWS (25b557ee9512b737b097fab13a890b24)] -> xpath: //a[normalize-space()='buy + sell']]
2023-07-27 19:07:481 INFO  HomePage :48 - Clicking On Used Cars Option : [[ChromeDriver: chrome on WINDOWS (25b557ee9512b737b097fab13a890b24)] -> xpath: //a[normalize-space()='Used']]
2023-07-27 19:07:928 INFO  HomePage :33 - Mouse Hovering On Buy + Sell Menu : [[ChromeDriver: chrome on WINDOWS (0134358ee65a0141d824ecc4aee8cb08)] -> xpath: //a[normalize-space()='buy + sell']]
2023-07-27 19:07:629 INFO  HomePage :48 - Clicking On Used Cars Option : [[ChromeDriver: chrome on WINDOWS (0134358ee65a0141d824ecc4aee8cb08)] -> xpath: //a[normalize-space()='Used']]
2023-07-27 19:07:290 INFO  HomePage :33 - Mouse Hovering On Buy + Sell Menu : [[ChromeDriver: chrome on WINDOWS (a29545d08610c197093258c2a229c1fa)] -> xpath: //a[normalize-space()='buy + sell']]
2023-07-27 19:07:306 INFO  HomePage :48 - Clicking On Used Cars Option : [[ChromeDriver: chrome on WINDOWS (a29545d08610c197093258c2a229c1fa)] -> xpath: //a[normalize-space()='Used']]
2023-07-27 19:07:404 INFO  HomePage :33 - Mouse Hovering On Buy + Sell Menu : [[ChromeDriver: chrome on WINDOWS (2a58e6c104911d609fad7920e9238466)] -> xpath: //a[normalize-space()='buy + sell']]
2023-07-27 19:07:736 INFO  HomePage :48 - Clicking On Used Cars Option : [[ChromeDriver: chrome on WINDOWS (2a58e6c104911d609fad7920e9238466)] -> xpath: //a[normalize-space()='Used']]
2023-07-27 19:07:786 INFO  HomePage :33 - Mouse Hovering On Buy + Sell Menu : [[ChromeDriver: chrome on WINDOWS (ba0be4d008b151ac79014a429902866c)] -> xpath: //a[normalize-space()='buy + sell']]
2023-07-27 19:07:337 INFO  HomePage :33 - Mouse Hovering On Buy + Sell Menu : [[ChromeDriver: chrome on WINDOWS (8da26e7530c58c2ccb8bd38034b3b21f)] -> xpath: //a[normalize-space()='buy + sell']]
2023-07-27 19:07:636 INFO  DealersPage :30 - Clicking On Find Dealers Button : [[ChromeDriver: chrome on WINDOWS (8da26e7530c58c2ccb8bd38034b3b21f)] -> xpath: //a[contains(text(),'Find a Dealer')]]
2023-07-27 19:07:672 INFO  DealersPage :34 - Fetching Dealer Name  : []
2023-07-27 19:07:737 INFO  DealersPage :34 - Fetching Dealer Name  : []
2023-07-27 19:07:498 INFO  HomePage :33 - Mouse Hovering On Buy + Sell Menu : [[ChromeDriver: chrome on WINDOWS (597f5e08b73a09cb5217ec36011d7371)] -> xpath: //a[normalize-space()='buy + sell']]
2023-07-27 19:07:931 INFO  HomePage :48 - Clicking On Used Cars Option : [[ChromeDriver: chrome on WINDOWS (597f5e08b73a09cb5217ec36011d7371)] -> xpath: //a[normalize-space()='Used']]
2023-07-27 19:07:517 INFO  HomePage :33 - Mouse Hovering On Buy + Sell Menu : [[ChromeDriver: chrome on WINDOWS (80c6d8bd061dce823360e18876934343)] -> xpath: //a[normalize-space()='buy + sell']]
2023-07-27 19:07:565 INFO  HomePage :48 - Clicking On Used Cars Option : [[ChromeDriver: chrome on WINDOWS (80c6d8bd061dce823360e18876934343)] -> xpath: //a[normalize-space()='Used']]
2023-07-27 19:07:276 INFO  HomePage :33 - Mouse Hovering On Buy + Sell Menu : [[ChromeDriver: chrome on WINDOWS (66c4ae183a10747677f4f9cf36d1b653)] -> xpath: //a[normalize-space()='buy + sell']]
2023-07-27 19:07:355 INFO  HomePage :48 - Clicking On Used Cars Option : [[ChromeDriver: chrome on WINDOWS (66c4ae183a10747677f4f9cf36d1b653)] -> xpath: //a[normalize-space()='Used']]
2023-07-27 19:07:25 INFO  HomePage :36 - Mouse Hovering On Buy + Sell Menu : [[ChromeDriver: chrome on WINDOWS (f98081b93be313497cfd8afed67d0950)] -> xpath: //a[normalize-space()='buy + sell']]
2023-07-27 19:07:134 INFO  DealersPage :30 - Clicking On Find Dealers Button : [[ChromeDriver: chrome on WINDOWS (f98081b93be313497cfd8afed67d0950)] -> xpath: //a[contains(text(),'Find a Dealer')]]
2023-07-27 19:07:581 INFO  HomePage :36 - Mouse Hovering On Buy + Sell Menu : [[ChromeDriver: chrome on WINDOWS (fbcf7da70e25b0f87d1bbb4b4984603b)] -> xpath: //a[normalize-space()='buy + sell']]
2023-07-27 19:07:657 INFO  HomePage :51 - Clicking On Used Cars Option : [[ChromeDriver: chrome on WINDOWS (fbcf7da70e25b0f87d1bbb4b4984603b)] -> xpath: //a[normalize-space()='Used']]
2023-07-27 19:07:717 INFO  HomePage :36 - Mouse Hovering On Buy + Sell Menu : [[ChromeDriver: chrome on WINDOWS (9869d95692545d26813feea3d8e2caac)] -> xpath: //a[normalize-space()='buy + sell']]
2023-07-27 19:07:723 INFO  HomePage :51 - Clicking On Used Cars Option : [[ChromeDriver: chrome on WINDOWS (9869d95692545d26813feea3d8e2caac)] -> xpath: //a[normalize-space()='Used']]
2023-07-27 19:07:216 INFO  HomePage :36 - Mouse Hovering On Buy + Sell Menu : [[ChromeDriver: chrome on WINDOWS (dfe190cab12bf2585c5fe0d2da329eab)] -> xpath: //a[normalize-space()='buy + sell']]
2023-07-27 19:07:874 INFO  HomePage :51 - Clicking On Used Cars Option : [[ChromeDriver: chrome on WINDOWS (dfe190cab12bf2585c5fe0d2da329eab)] -> xpath: //a[normalize-space()='Used']]
2023-07-27 19:07:904 INFO  HomePage :36 - Mouse Hovering On Buy + Sell Menu : [[ChromeDriver: chrome on WINDOWS (acf48790b72b3252d7d3cfc1233157b3)] -> xpath: //a[normalize-space()='buy + sell']]
2023-07-27 19:07:206 INFO  HomePage :51 - Clicking On Used Cars Option : [[ChromeDriver: chrome on WINDOWS (acf48790b72b3252d7d3cfc1233157b3)] -> xpath: //a[normalize-space()='Used']]
2023-07-27 19:07:716 INFO  HomePage :36 - Mouse Hovering On Buy + Sell Menu : [[ChromeDriver: chrome on WINDOWS (ba0fd78d420d0eecbc7ef70c45e51a29)] -> xpath: //a[normalize-space()='buy + sell']]
2023-07-27 19:07:424 INFO  HomePage :51 - Clicking On Used Cars Option : [[ChromeDriver: chrome on WINDOWS (ba0fd78d420d0eecbc7ef70c45e51a29)] -> xpath: //a[normalize-space()='Used']]
2023-07-27 19:07:159 INFO  HomePage :36 - Mouse Hovering On Buy + Sell Menu : [[ChromeDriver: chrome on WINDOWS (5d0103092948363007a7b5f49e4321ed)] -> xpath: //a[normalize-space()='buy + sell']]
2023-07-27 19:07:777 INFO  HomePage :51 - Clicking On Used Cars Option : [[ChromeDriver: chrome on WINDOWS (5d0103092948363007a7b5f49e4321ed)] -> xpath: //a[normalize-space()='Used']]
2023-07-27 22:07:23 INFO  HomePage :32 - Mouse Hover to Buy+Sell Tab [[ChromeDriver: chrome on WINDOWS (4a09d22ef7fdac591440803e7eba00ee)] -> xpath: //a[contains(text(),'buy + sell')]]
2023-07-27 22:07:819 INFO  DealersPage :75 - Clicking On Find Dealers Button : [[ChromeDriver: chrome on WINDOWS (4a09d22ef7fdac591440803e7eba00ee)] -> xpath: //a[contains(text(),'Find a Dealer')]]
2023-07-27 22:07:888 INFO  DealersPage :79 - Fetching Dealer Name  : []
2023-07-27 22:07:898 INFO  DealersPage :79 - Fetching Dealer Name  : []
2023-07-27 22:07:947 INFO  DealersPage :79 - Fetching Dealer Name  : []
2023-07-27 22:07:701 INFO  HomePage :32 - Mouse Hover to Buy+Sell Tab [[ChromeDriver: chrome on WINDOWS (b6fde120dda367ba2e9941a7cc57d5b0)] -> xpath: //a[contains(text(),'buy + sell')]]
2023-07-27 22:07:276 INFO  HomePage :42 - Click on Used Cars [[ChromeDriver: chrome on WINDOWS (b6fde120dda367ba2e9941a7cc57d5b0)] -> xpath: //div[@class='uhf-child-content']//a[contains(text(),'Used')]]
2023-07-27 22:07:455 INFO  SearchCarsPage :33 - Getting a Page Header for Verification : [[ChromeDriver: chrome on WINDOWS (b6fde120dda367ba2e9941a7cc57d5b0)] -> xpath: //div[@class='heading main-heading item-ad-wrapper ']/h1]
2023-07-27 22:07:960 INFO  HomePage :32 - Mouse Hover to Buy+Sell Tab [[ChromeDriver: chrome on WINDOWS (b4ef7db9705b3ba50832b9e0de2ac5e4)] -> xpath: //a[contains(text(),'buy + sell')]]
2023-07-27 22:07:948 INFO  HomePage :42 - Click on Used Cars [[ChromeDriver: chrome on WINDOWS (b4ef7db9705b3ba50832b9e0de2ac5e4)] -> xpath: //div[@class='uhf-child-content']//a[contains(text(),'Used')]]
2023-07-27 22:07:992 INFO  SearchCarsPage :33 - Getting a Page Header for Verification : [[ChromeDriver: chrome on WINDOWS (b4ef7db9705b3ba50832b9e0de2ac5e4)] -> xpath: //div[@class='heading main-heading item-ad-wrapper ']/h1]
2023-07-27 22:07:787 INFO  HomePage :32 - Mouse Hover to Buy+Sell Tab [[ChromeDriver: chrome on WINDOWS (f0630982db4ac989ec6f8b7c2a4f8bcb)] -> xpath: //a[contains(text(),'buy + sell')]]
2023-07-27 22:07:880 INFO  HomePage :42 - Click on Used Cars [[ChromeDriver: chrome on WINDOWS (f0630982db4ac989ec6f8b7c2a4f8bcb)] -> xpath: //div[@class='uhf-child-content']//a[contains(text(),'Used')]]
2023-07-27 22:07:919 INFO  SearchCarsPage :33 - Getting a Page Header for Verification : [[ChromeDriver: chrome on WINDOWS (f0630982db4ac989ec6f8b7c2a4f8bcb)] -> xpath: //div[@class='heading main-heading item-ad-wrapper ']/h1]
2023-07-27 22:07:985 INFO  HomePage :32 - Mouse Hover to Buy+Sell Tab [[ChromeDriver: chrome on WINDOWS (7a3e55a9acfacabb5d6ed8ca5ec27e23)] -> xpath: //a[contains(text(),'buy + sell')]]
2023-07-27 22:07:573 INFO  HomePage :42 - Click on Used Cars [[ChromeDriver: chrome on WINDOWS (7a3e55a9acfacabb5d6ed8ca5ec27e23)] -> xpath: //div[@class='uhf-child-content']//a[contains(text(),'Used')]]
2023-07-27 22:07:615 INFO  SearchCarsPage :33 - Getting a Page Header for Verification : [[ChromeDriver: chrome on WINDOWS (7a3e55a9acfacabb5d6ed8ca5ec27e23)] -> xpath: //div[@class='heading main-heading item-ad-wrapper ']/h1]
2023-07-27 22:07:940 INFO  HomePage :32 - Mouse Hover to Buy+Sell Tab [[ChromeDriver: chrome on WINDOWS (ad21f95bd44dd25923c280df90c15121)] -> xpath: //a[contains(text(),'buy + sell')]]
2023-07-27 22:07:941 INFO  HomePage :42 - Click on Used Cars [[ChromeDriver: chrome on WINDOWS (ad21f95bd44dd25923c280df90c15121)] -> xpath: //div[@class='uhf-child-content']//a[contains(text(),'Used')]]
2023-07-27 22:07:977 INFO  SearchCarsPage :33 - Getting a Page Header for Verification : [[ChromeDriver: chrome on WINDOWS (ad21f95bd44dd25923c280df90c15121)] -> xpath: //div[@class='heading main-heading item-ad-wrapper ']/h1]
2023-07-27 22:07:900 INFO  HomePage :32 - Mouse Hover to Buy+Sell Tab [[ChromeDriver: chrome on WINDOWS (74ef37202649727bea7ff71fd0512973)] -> xpath: //a[contains(text(),'buy + sell')]]
2023-07-27 22:07:450 INFO  HomePage :42 - Click on Used Cars [[ChromeDriver: chrome on WINDOWS (74ef37202649727bea7ff71fd0512973)] -> xpath: //div[@class='uhf-child-content']//a[contains(text(),'Used')]]
2023-07-27 22:07:489 INFO  SearchCarsPage :33 - Getting a Page Header for Verification : [[ChromeDriver: chrome on WINDOWS (74ef37202649727bea7ff71fd0512973)] -> xpath: //div[@class='heading main-heading item-ad-wrapper ']/h1]
